<?xml version="1.0" encoding="UTF-8"?>
<!-- Generated by org.testng.reporters.JUnitReportReporter -->
<testsuite hostname="DESKTOP-D6FQT73" failures="0" tests="1" name="org.sample.TestNGSample" time="12.729" errors="0" timestamp="2024-10-22T21:09:11 IST" skipped="0">
  <testcase classname="org.sample.TestNGSample" name="tc3" time="12.729"/>
</testsuite> <!-- org.sample.TestNGSample -->
